<?xml version="1.0" encoding="UTF-8"?>
<!-- Generated by org.testng.reporters.JUnitReportReporter -->
<testsuite hostname="EC2AMAZ-1IC0RHB" failures="0" tests="6" name="testcase.logintestexcel" time="0.057" errors="0" timestamp="2025-07-11T05:33:47 UTC" skipped="0">
  <testcase classname="testcase.logintestexcel" name="loginTest" time="0.006"/>
  <system-out/>
  <testcase classname="testcase.logintestexcel" name="loginTest" time="0.027"/>
  <system-out/>
  <testcase classname="testcase.logintestexcel" name="loginTest" time="0.004"/>
  <system-out/>
  <testcase classname="testcase.logintestexcel" name="loginTest" time="0.008"/>
  <system-out/>
  <testcase classname="testcase.logintestexcel" name="loginTest" time="0.005"/>
  <system-out/>
  <testcase classname="testcase.logintestexcel" name="loginTest" time="0.007"/>
  <system-out/>
</testsuite> <!-- testcase.logintestexcel -->
